<?xml version="1.0" encoding="UTF-8"?>
<testsuite name="ResponseCodeTest" tests="1" skipped="0" failures="0" errors="0" timestamp="2020-10-12T16:11:45" hostname="tetyana" time="0.85">
  <properties/>
  <testcase name="testResponseCode" classname="ResponseCodeTest" time="0.85"/>
  <system-out><![CDATA[]]></system-out>
  <system-err><![CDATA[]]></system-err>
</testsuite>
